<?xml version="1.0" encoding="UTF-8"?>
<testng-results skipped="0" failed="0" ignored="0" total="3" passed="3">
  <reporter-output>
  </reporter-output>
  <suite name="Suite" duration-ms="275" started-at="2019-06-24T06:55:57Z" finished-at="2019-06-24T06:55:57Z">
    <groups>
    </groups>
    <test name="Test" duration-ms="275" started-at="2019-06-24T06:55:57Z" finished-at="2019-06-24T06:55:57Z">
      <class name="yu.Ty">
        <test-method status="PASS" signature="vin()[pri:0, instance:yu.Ty@569cfc36]" name="vin" duration-ms="16" started-at="2019-06-24T06:55:57Z" finished-at="2019-06-24T06:55:57Z">
          <reporter-output>
          </reporter-output>
        </test-method> <!-- vin -->
      </class> <!-- yu.Ty -->
      <class name="yu.Ty2">
        <test-method status="PASS" signature="vin()[pri:0, instance:yu.Ty2@553a3d88]" name="vin" duration-ms="6" started-at="2019-06-24T06:55:57Z" finished-at="2019-06-24T06:55:57Z">
          <reporter-output>
          </reporter-output>
        </test-method> <!-- vin -->
      </class> <!-- yu.Ty2 -->
      <class name="yu.Ty1">
        <test-method status="PASS" signature="vin()[pri:0, instance:yu.Ty1@64f6106c]" name="vin" duration-ms="7" started-at="2019-06-24T06:55:57Z" finished-at="2019-06-24T06:55:57Z">
          <reporter-output>
          </reporter-output>
        </test-method> <!-- vin -->
      </class> <!-- yu.Ty1 -->
    </test> <!-- Test -->
  </suite> <!-- Suite -->
</testng-results>
